This is pdfTeX, Version 3.141592653-2.6-1.40.24 (MiKTeX 23.1) (preloaded format=pdflatex 2023.3.16)  16 MAR 2023 14:37
entering extended mode
 restricted \write18 enabled.
 file:line:error style messages enabled.
 %&-line parsing enabled.
**./CascadeClassificationKMeans2.tex
(CascadeClassificationKMeans2.tex
LaTeX2e <2022-11-01> patch level 1
L3 programming layer <2023-02-07>
(/home/dayan3847/.miktex/texmfs/install/tex/latex/base/article.cls
Document Class: article 2022/07/02 v1.4n Standard LaTeX document class
(/home/dayan3847/.miktex/texmfs/install/tex/latex/base/size10.clo
File: size10.clo 2022/07/02 v1.4n Standard LaTeX file (size option)
)
\c@part=\count185
\c@section=\count186
\c@subsection=\count187
\c@subsubsection=\count188
\c@paragraph=\count189
\c@subparagraph=\count190
\c@figure=\count191
\c@table=\count192
\abovecaptionskip=\skip48
\belowcaptionskip=\skip49
\bibindent=\dimen140
)
(/home/dayan3847/.miktex/texmfs/install/tex/latex/l3backend/l3backend-pdftex.de
f
File: l3backend-pdftex.def 2023-01-16 L3 backend support: PDF output (pdfTeX)
\l__color_backend_stack_int=\count193
\l__pdf_internal_box=\box51
)

LaTeX Warning: Unused global option(s):
    [24pt].


(/home/dayan3847/CLionProjects/CascadeClassificationKMeans/auxil/CascadeClassif
icationKMeans2.aux)
\openout1 = `CascadeClassificationKMeans2.aux'.

LaTeX Font Info:    Checking defaults for OML/cmm/m/it on input line 3.
LaTeX Font Info:    ... okay on input line 3.
LaTeX Font Info:    Checking defaults for OMS/cmsy/m/n on input line 3.
LaTeX Font Info:    ... okay on input line 3.
LaTeX Font Info:    Checking defaults for OT1/cmr/m/n on input line 3.
LaTeX Font Info:    ... okay on input line 3.
LaTeX Font Info:    Checking defaults for T1/cmr/m/n on input line 3.
LaTeX Font Info:    ... okay on input line 3.
LaTeX Font Info:    Checking defaults for TS1/cmr/m/n on input line 3.
LaTeX Font Info:    ... okay on input line 3.
LaTeX Font Info:    Checking defaults for OMX/cmex/m/n on input line 3.
LaTeX Font Info:    ... okay on input line 3.
LaTeX Font Info:    Checking defaults for U/cmr/m/n on input line 3.
LaTeX Font Info:    ... okay on input line 3.
LaTeX Font Info:    External font `cmex10' loaded for size
(Font)              <12> on input line 8.
LaTeX Font Info:    External font `cmex10' loaded for size
(Font)              <8> on input line 8.
LaTeX Font Info:    External font `cmex10' loaded for size
(Font)              <6> on input line 8.

Overfull \hbox (1.40399pt too wide) in paragraph at lines 11--27
[]\OT1/cmr/m/n/9 Instrucciones formales del primer proyecto. El objetivo de est
e proyecto
 []

[1

{/home/dayan3847/.miktex/texmfs/data/fonts/map/pdftex/pdftex.map}]
(/home/dayan3847/CLionProjects/CascadeClassificationKMeans/auxil/CascadeClassif
icationKMeans2.aux) ) 
Here is how much of TeX's memory you used:
 460 strings out of 478274
 9351 string characters out of 5839549
 1854346 words of memory out of 5000000
 20712 multiletter control sequences out of 15000+600000
 515929 words of font info for 44 fonts, out of 8000000 for 9000
 0 hyphenation exceptions out of 8191
 34i,6n,38p,169b,194s stack positions out of 10000i,1000n,20000p,200000b,200000s
</home/dayan3847/.miktex/texmfs/install/fonts/type1/public
/amsfonts/cm/cmbx9.pfb></home/dayan3847/.miktex/texmfs/install/fonts/type1/publ
ic/amsfonts/cm/cmr10.pfb></home/dayan3847/.miktex/texmfs/install/fonts/type1/pu
blic/amsfonts/cm/cmr12.pfb></home/dayan3847/.miktex/texmfs/install/fonts/type1/
public/amsfonts/cm/cmr17.pfb></home/dayan3847/.miktex/texmfs/install/fonts/type
1/public/amsfonts/cm/cmr9.pfb>
Output written on /home/dayan3847/CLionProjects/CascadeClassificationKMeans/out
/CascadeClassificationKMeans2.pdf (1 page, 61290 bytes).
PDF statistics:
 31 PDF objects out of 1000 (max. 8388607)
 0 named destinations out of 1000 (max. 500000)
 1 words of extra memory for PDF output out of 10000 (max. 10000000)

