This is pdfTeX, Version 3.141592653-2.6-1.40.24 (MiKTeX 23.1) (preloaded format=pdflatex 2023.3.16)  28 MAR 2023 18:16
entering extended mode
 restricted \write18 enabled.
 file:line:error style messages enabled.
 %&-line parsing enabled.
**./report.tex
(report.tex
LaTeX2e <2022-11-01> patch level 1
L3 programming layer <2023-02-07>
(/home/dayan3847/.miktex/texmfs/install/tex/latex/base/article.cls
Document Class: article 2022/07/02 v1.4n Standard LaTeX document class
(/home/dayan3847/.miktex/texmfs/install/tex/latex/base/size10.clo
File: size10.clo 2022/07/02 v1.4n Standard LaTeX file (size option)
)
\c@part=\count185
\c@section=\count186
\c@subsection=\count187
\c@subsubsection=\count188
\c@paragraph=\count189
\c@subparagraph=\count190
\c@figure=\count191
\c@table=\count192
\abovecaptionskip=\skip48
\belowcaptionskip=\skip49
\bibindent=\dimen140
)
(/home/dayan3847/.miktex/texmfs/install/tex/latex/graphics/graphicx.sty
Package: graphicx 2021/09/16 v1.2d Enhanced LaTeX Graphics (DPC,SPQR)

(/home/dayan3847/.miktex/texmfs/install/tex/latex/graphics/keyval.sty
Package: keyval 2022/05/29 v1.15 key=value parser (DPC)
\KV@toks@=\toks16
)
(/home/dayan3847/.miktex/texmfs/install/tex/latex/graphics/graphics.sty
Package: graphics 2022/03/10 v1.4e Standard LaTeX Graphics (DPC,SPQR)

(/home/dayan3847/.miktex/texmfs/install/tex/latex/graphics/trig.sty
Package: trig 2021/08/11 v1.11 sin cos tan (DPC)
)
(/home/dayan3847/.miktex/texmfs/install/tex/latex/graphics-cfg/graphics.cfg
File: graphics.cfg 2016/06/04 v1.11 sample graphics configuration
)
Package graphics Info: Driver file: pdftex.def on input line 107.

(/home/dayan3847/.miktex/texmfs/install/tex/latex/graphics-def/pdftex.def
File: pdftex.def 2022/09/22 v1.2b Graphics/color driver for pdftex
))
\Gin@req@height=\dimen141
\Gin@req@width=\dimen142
)
(/home/dayan3847/.miktex/texmfs/install/tex/latex/amsmath/amsmath.sty
Package: amsmath 2022/04/08 v2.17n AMS math features
\@mathmargin=\skip50

For additional information on amsmath, use the `?' option.
(/home/dayan3847/.miktex/texmfs/install/tex/latex/amsmath/amstext.sty
Package: amstext 2021/08/26 v2.01 AMS text

(/home/dayan3847/.miktex/texmfs/install/tex/latex/amsmath/amsgen.sty
File: amsgen.sty 1999/11/30 v2.0 generic functions
\@emptytoks=\toks17
\ex@=\dimen143
))
(/home/dayan3847/.miktex/texmfs/install/tex/latex/amsmath/amsbsy.sty
Package: amsbsy 1999/11/29 v1.2d Bold Symbols
\pmbraise@=\dimen144
)
(/home/dayan3847/.miktex/texmfs/install/tex/latex/amsmath/amsopn.sty
Package: amsopn 2022/04/08 v2.04 operator names
)
\inf@bad=\count193
LaTeX Info: Redefining \frac on input line 234.
\uproot@=\count194
\leftroot@=\count195
LaTeX Info: Redefining \overline on input line 399.
LaTeX Info: Redefining \colon on input line 410.
\classnum@=\count196
\DOTSCASE@=\count197
LaTeX Info: Redefining \ldots on input line 496.
LaTeX Info: Redefining \dots on input line 499.
LaTeX Info: Redefining \cdots on input line 620.
\Mathstrutbox@=\box51
\strutbox@=\box52
LaTeX Info: Redefining \big on input line 722.
LaTeX Info: Redefining \Big on input line 723.
LaTeX Info: Redefining \bigg on input line 724.
LaTeX Info: Redefining \Bigg on input line 725.
\big@size=\dimen145
LaTeX Font Info:    Redeclaring font encoding OML on input line 743.
LaTeX Font Info:    Redeclaring font encoding OMS on input line 744.
\macc@depth=\count198
LaTeX Info: Redefining \bmod on input line 905.
LaTeX Info: Redefining \pmod on input line 910.
LaTeX Info: Redefining \smash on input line 940.
LaTeX Info: Redefining \relbar on input line 970.
LaTeX Info: Redefining \Relbar on input line 971.
\c@MaxMatrixCols=\count199
\dotsspace@=\muskip16
\c@parentequation=\count266
\dspbrk@lvl=\count267
\tag@help=\toks18
\row@=\count268
\column@=\count269
\maxfields@=\count270
\andhelp@=\toks19
\eqnshift@=\dimen146
\alignsep@=\dimen147
\tagshift@=\dimen148
\tagwidth@=\dimen149
\totwidth@=\dimen150
\lineht@=\dimen151
\@envbody=\toks20
\multlinegap=\skip51
\multlinetaggap=\skip52
\mathdisplay@stack=\toks21
LaTeX Info: Redefining \[ on input line 2953.
LaTeX Info: Redefining \] on input line 2954.
)
(/home/dayan3847/.miktex/texmfs/install/tex/latex/l3backend/l3backend-pdftex.de
f
File: l3backend-pdftex.def 2023-01-16 L3 backend support: PDF output (pdfTeX)
\l__color_backend_stack_int=\count271
\l__pdf_internal_box=\box53
)

LaTeX Warning: Unused global option(s):
    [24pt].

(/home/dayan3847/CLionProjects/CascadeClassificationKMeans/out/report.aux)
\openout1 = `report.aux'.

LaTeX Font Info:    Checking defaults for OML/cmm/m/it on input line 5.
LaTeX Font Info:    ... okay on input line 5.
LaTeX Font Info:    Checking defaults for OMS/cmsy/m/n on input line 5.
LaTeX Font Info:    ... okay on input line 5.
LaTeX Font Info:    Checking defaults for OT1/cmr/m/n on input line 5.
LaTeX Font Info:    ... okay on input line 5.
LaTeX Font Info:    Checking defaults for T1/cmr/m/n on input line 5.
LaTeX Font Info:    ... okay on input line 5.
LaTeX Font Info:    Checking defaults for TS1/cmr/m/n on input line 5.
LaTeX Font Info:    ... okay on input line 5.
LaTeX Font Info:    Checking defaults for OMX/cmex/m/n on input line 5.
LaTeX Font Info:    ... okay on input line 5.
LaTeX Font Info:    Checking defaults for U/cmr/m/n on input line 5.
LaTeX Font Info:    ... okay on input line 5.

(/home/dayan3847/.miktex/texmfs/install/tex/context/base/mkii/supp-pdf.mkii
[Loading MPS to PDF converter (version 2006.09.02).]
\scratchcounter=\count272
\scratchdimen=\dimen152
\scratchbox=\box54
\nofMPsegments=\count273
\nofMParguments=\count274
\everyMPshowfont=\toks22
\MPscratchCnt=\count275
\MPscratchDim=\dimen153
\MPnumerator=\count276
\makeMPintoPDFobject=\count277
\everyMPtoPDFconversion=\toks23
)
(/home/dayan3847/.miktex/texmfs/install/tex/latex/epstopdf-pkg/epstopdf-base.st
y
Package: epstopdf-base 2020-01-24 v2.11 Base part for package epstopdf
 (/home/dayan3847/.miktex/texmfs/install/tex/generic/infwarerr/infwarerr.sty
Package: infwarerr 2019/12/03 v1.5 Providing info/warning/error messages (HO)
)
(/home/dayan3847/.miktex/texmfs/install/tex/latex/grfext/grfext.sty
Package: grfext 2019/12/03 v1.3 Manage graphics extensions (HO)

(/home/dayan3847/.miktex/texmfs/install/tex/generic/kvdefinekeys/kvdefinekeys.s
ty
Package: kvdefinekeys 2019-12-19 v1.6 Define keys (HO)
)) (/home/dayan3847/.miktex/texmfs/install/tex/latex/kvoptions/kvoptions.sty
Package: kvoptions 2022-06-15 v3.15 Key value format for package options (HO)

(/home/dayan3847/.miktex/texmfs/install/tex/generic/ltxcmds/ltxcmds.sty
Package: ltxcmds 2020-05-10 v1.25 LaTeX kernel commands for general use (HO)
)
(/home/dayan3847/.miktex/texmfs/install/tex/latex/kvsetkeys/kvsetkeys.sty
Package: kvsetkeys 2022-10-05 v1.19 Key value parser (HO)
))
(/home/dayan3847/.miktex/texmfs/install/tex/generic/pdftexcmds/pdftexcmds.sty
Package: pdftexcmds 2020-06-27 v0.33 Utility functions of pdfTeX for LuaTeX (HO
)

(/home/dayan3847/.miktex/texmfs/install/tex/generic/iftex/iftex.sty
Package: iftex 2022/02/03 v1.0f TeX engine tests
)
Package pdftexcmds Info: \pdf@primitive is available.
Package pdftexcmds Info: \pdf@ifprimitive is available.
Package pdftexcmds Info: \pdfdraftmode found.
)
Package epstopdf-base Info: Redefining graphics rule for `.eps' on input line 4
85.
Package grfext Info: Graphics extension search list:
(grfext)             [.pdf,.png,.jpg,.mps,.jpeg,.jbig2,.jb2,.PDF,.PNG,.JPG,.JPE
G,.JBIG2,.JB2,.eps]
(grfext)             \AppendGraphicsExtensions on input line 504.

(/home/dayan3847/.miktex/texmfs/install/tex/latex/00miktex/epstopdf-sys.cfg
File: epstopdf-sys.cfg 2021/03/18 v2.0 Configuration of epstopdf for MiKTeX
))
(latex/abstract.tex
Overfull \hbox (1.40399pt too wide) in paragraph at lines 2--18
[]\OT1/cmr/m/n/9 Instrucciones formales del primer proyecto. El objetivo de est
e proyecto
 []

) [1

{/home/dayan3847/.miktex/texmfs/data/fonts/map/pdftex/pdftex.map}]
(latex/procedure.tex) [2] (latex/proof.tex
Runaway argument?
latex/proof.tex:12: Paragraph ended before \Gin@ii was complete.
<to be read again> 
                   \par 
l.12 
     
I suspect you've forgotten a `}', causing me to apply this
control sequence to too much text. How can we recover?
My plan is to forget the whole thing and hope for the best.

<./latex/img/m0.png, id=14, 549.55313pt x 571.38469pt>
File: ./latex/img/m0.png Graphic file (type png)
<use ./latex/img/m0.png>
Package pdftex.def Info: ./latex/img/m0.png  used on input line 26.
(pdftex.def)             Requested size: 172.5pt x 179.35066pt.
<./latex/img/m1.png, id=16, 549.55313pt x 571.38469pt>
File: ./latex/img/m1.png Graphic file (type png)
<use ./latex/img/m1.png>
Package pdftex.def Info: ./latex/img/m1.png  used on input line 42.
(pdftex.def)             Requested size: 172.5pt x 179.35066pt.
[3 <./latex/img/m0.png>]
<./latex/img/m2.png, id=22, 549.55313pt x 571.38469pt>
File: ./latex/img/m2.png Graphic file (type png)
<use ./latex/img/m2.png>
Package pdftex.def Info: ./latex/img/m2.png  used on input line 55.
(pdftex.def)             Requested size: 172.5pt x 179.35066pt.
<./latex/img/m3.png, id=23, 549.55313pt x 571.38469pt>
File: ./latex/img/m3.png Graphic file (type png)
<use ./latex/img/m3.png>
Package pdftex.def Info: ./latex/img/m3.png  used on input line 65.
(pdftex.def)             Requested size: 172.5pt x 179.35066pt.
 [4 <./latex/img/m1.png> <./latex/img/m2.png>]
<./latex/img/m4.png, id=29, 549.55313pt x 571.38469pt>
File: ./latex/img/m4.png Graphic file (type png)
<use ./latex/img/m4.png>
Package pdftex.def Info: ./latex/img/m4.png  used on input line 75.
(pdftex.def)             Requested size: 172.5pt x 179.35066pt.
)
[5 <./latex/img/m3.png> <./latex/img/m4.png>]
(/home/dayan3847/CLionProjects/CascadeClassificationKMeans/out/report.aux) ) 
Here is how much of TeX's memory you used:
 2707 strings out of 478274
 45873 string characters out of 5839549
 1855346 words of memory out of 5000000
 22857 multiletter control sequences out of 15000+600000
 517969 words of font info for 52 fonts, out of 8000000 for 9000
 0 hyphenation exceptions out of 8191
 62i,7n,67p,265b,196s stack positions out of 10000i,1000n,20000p,200000b,200000s
</h
ome/dayan3847/.miktex/texmfs/install/fonts/type1/public/amsfonts/cm/cmbx12.pfb>
</home/dayan3847/.miktex/texmfs/install/fonts/type1/public/amsfonts/cm/cmbx9.pf
b></home/dayan3847/.miktex/texmfs/install/fonts/type1/public/amsfonts/cm/cmex10
.pfb></home/dayan3847/.miktex/texmfs/install/fonts/type1/public/amsfonts/cm/cmr
10.pfb></home/dayan3847/.miktex/texmfs/install/fonts/type1/public/amsfonts/cm/c
mr12.pfb></home/dayan3847/.miktex/texmfs/install/fonts/type1/public/amsfonts/cm
/cmr17.pfb></home/dayan3847/.miktex/texmfs/install/fonts/type1/public/amsfonts/
cm/cmr9.pfb>
Output written on /home/dayan3847/CLionProjects/CascadeClassificationKMeans/out
/report.pdf (5 pages, 191503 bytes).
PDF statistics:
 64 PDF objects out of 1000 (max. 8388607)
 0 named destinations out of 1000 (max. 500000)
 26 words of extra memory for PDF output out of 10000 (max. 10000000)

